<?xml version="1.0" encoding="UTF-8"?>
<!-- Generated by org.testng.reporters.JUnitReportReporter -->
<testsuite hostname="LAPTOP-CUFQDMPR" failures="0" tests="11" name="com.training.sanity.tests.KarTourTest" time="42.611" errors="1" timestamp="2023-05-19T20:15:46 IST" skipped="10">
  <testcase classname="com.training.sanity.tests.KarTourTest" name="setUp" time="42.610">
    <error message="Cannot locate an element using css selector=.cookie-notice-container
For documentation on this error, please visit: https://www.seleniumhq.org/exceptions/no_such_element.html
Build info: version: &#039;3.141.59&#039;, revision: &#039;e82be7d358&#039;, time: &#039;2018-11-14T08:17:03&#039;
System info: host: &#039;LAPTOP-CUFQDMPR&#039;, ip: &#039;192.168.1.2&#039;, os.name: &#039;Windows 11&#039;, os.arch: &#039;amd64&#039;, os.version: &#039;10.0&#039;, java.version: &#039;19.0.2&#039;
Driver info: driver.version: RemoteWebDriver" type="org.openqa.selenium.NoSuchElementException">
      <![CDATA[org.openqa.selenium.NoSuchElementException: Cannot locate an element using css selector=.cookie-notice-container
For documentation on this error, please visit: https://www.seleniumhq.org/exceptions/no_such_element.html
Build info: version: '3.141.59', revision: 'e82be7d358', time: '2018-11-14T08:17:03'
System info: host: 'LAPTOP-CUFQDMPR', ip: '192.168.1.2', os.name: 'Windows 11', os.arch: 'amd64', os.version: '10.0', java.version: '19.0.2'
Driver info: driver.version: RemoteWebDriver
at org.openqa.selenium.remote.RemoteWebDriver.findElement(RemoteWebDriver.java:327)
at org.openqa.selenium.remote.RemoteWebDriver.findElementByCssSelector(RemoteWebDriver.java:420)
at org.openqa.selenium.By$ByCssSelector.findElement(By.java:431)
at org.openqa.selenium.remote.RemoteWebDriver.findElement(RemoteWebDriver.java:315)
at com.training.sanity.tests.KarTourTest.setUp(KarTourTest.java:46)
at java.base/jdk.internal.reflect.DirectMethodHandleAccessor.invoke(DirectMethodHandleAccessor.java:104)
at java.base/java.lang.reflect.Method.invoke(Method.java:578)
at org.testng.internal.MethodInvocationHelper.invokeMethod(MethodInvocationHelper.java:133)
at org.testng.internal.MethodInvocationHelper.invokeMethodConsideringTimeout(MethodInvocationHelper.java:62)
at org.testng.internal.ConfigInvoker.invokeConfigurationMethod(ConfigInvoker.java:385)
at org.testng.internal.ConfigInvoker.invokeConfigurations(ConfigInvoker.java:321)
at org.testng.TestRunner.invokeTestConfigurations(TestRunner.java:637)
at org.testng.TestRunner.beforeRun(TestRunner.java:627)
at org.testng.TestRunner.run(TestRunner.java:589)
at org.testng.SuiteRunner.runTest(SuiteRunner.java:377)
at org.testng.SuiteRunner.runSequentially(SuiteRunner.java:371)
at org.testng.SuiteRunner.privateRun(SuiteRunner.java:332)
at org.testng.SuiteRunner.run(SuiteRunner.java:276)
at org.testng.SuiteRunnerWorker.runSuite(SuiteRunnerWorker.java:53)
at org.testng.SuiteRunnerWorker.run(SuiteRunnerWorker.java:96)
at org.testng.TestNG.runSuitesSequentially(TestNG.java:1212)
at org.testng.TestNG.runSuitesLocally(TestNG.java:1134)
at org.testng.TestNG.runSuites(TestNG.java:1063)
at org.testng.TestNG.run(TestNG.java:1031)
at org.testng.remote.AbstractRemoteTestNG.run(AbstractRemoteTestNG.java:115)
at org.testng.remote.RemoteTestNG.initAndRun(RemoteTestNG.java:251)
at org.testng.remote.RemoteTestNG.main(RemoteTestNG.java:77)
]]>
    </error>
  </testcase> <!-- setUp -->
  <system-out/>
  <testcase classname="com.training.sanity.tests.KarTourTest" name="dropdown" time="0.000">
    <skipped/>
  </testcase> <!-- dropdown -->
  <system-out/>
  <testcase classname="com.training.sanity.tests.KarTourTest" name="destinationRedirect" time="0.000">
    <skipped/>
  </testcase> <!-- destinationRedirect -->
  <system-out/>
  <testcase classname="com.training.sanity.tests.KarTourTest" name="SKC_redirect" time="0.000">
    <skipped/>
  </testcase> <!-- SKC_redirect -->
  <system-out/>
  <testcase classname="com.training.sanity.tests.KarTourTest" name="homeBtnPresent" time="0.001">
    <skipped/>
  </testcase> <!-- homeBtnPresent -->
  <system-out/>
  <testcase classname="com.training.sanity.tests.KarTourTest" name="VerifyFoodOverlayText" time="0.000">
    <skipped/>
  </testcase> <!-- VerifyFoodOverlayText -->
  <system-out/>
  <testcase classname="com.training.sanity.tests.KarTourTest" name="AccommodationDetails" time="0.000">
    <skipped/>
  </testcase> <!-- AccommodationDetails -->
  <system-out/>
  <testcase classname="com.training.sanity.tests.KarTourTest" name="AdoptAMonumentPDF" time="0.000">
    <skipped/>
  </testcase> <!-- AdoptAMonumentPDF -->
  <system-out/>
  <testcase classname="com.training.sanity.tests.KarTourTest" name="OpenPDFinNewWindow" time="0.000">
    <skipped/>
  </testcase> <!-- OpenPDFinNewWindow -->
  <system-out/>
  <testcase classname="com.training.sanity.tests.KarTourTest" name="GlobalLinkValidate" time="0.000">
    <skipped/>
  </testcase> <!-- GlobalLinkValidate -->
  <system-out/>
  <testcase classname="com.training.sanity.tests.KarTourTest" name="MySuruZooTicketBooking" time="0.000">
    <skipped/>
  </testcase> <!-- MySuruZooTicketBooking -->
  <system-out/>
</testsuite> <!-- com.training.sanity.tests.KarTourTest -->
